{"C:\\Users\\galve\\Documents\\SOY HENRY\\MODULO-2\\PF-Mini-Blog\\app-test.js": {"path":"C:\\Users\\galve\\Documents\\SOY HENRY\\MODULO-2\\PF-Mini-Blog\\app-test.js","statementMap":{"0":{"start":{"line":2,"column":0},"end":{"line":2,"column":16}},"1":{"start":{"line":9,"column":11},"end":{"line":9,"column":21}},"2":{"start":{"line":10,"column":0},"end":{"line":10,"column":24}},"3":{"start":{"line":13,"column":0},"end":{"line":13,"column":39}},"4":{"start":{"line":14,"column":0},"end":{"line":14,"column":35}},"5":{"start":{"line":17,"column":0},"end":{"line":19,"column":3}},"6":{"start":{"line":18,"column":2},"end":{"line":18,"column":56}},"7":{"start":{"line":22,"column":0},"end":{"line":22,"column":22}}},"fnMap":{"0":{"name":"(anonymous_0)","decl":{"start":{"line":17,"column":8},"end":{"line":17,"column":9}},"loc":{"start":{"line":17,"column":22},"end":{"line":19,"column":1}},"line":17}},"branchMap":{},"s":{"0":2,"1":2,"2":2,"3":2,"4":2,"5":2,"6":0,"7":2},"f":{"0":0},"b":{},"meta":{"lastBranch":0,"lastFunction":1,"lastStatement":8,"seen":{"s:2:0:2:16":0,"s:9:11:9:21":1,"s:10:0:10:24":2,"s:13:0:13:39":3,"s:14:0:14:35":4,"s:17:0:19:3":5,"f:17:8:17:9":0,"s:18:2:18:56":6,"s:22:0:22:22":7}}}
,"C:\\Users\\galve\\Documents\\SOY HENRY\\MODULO-2\\PF-Mini-Blog\\db\\config.js": {"path":"C:\\Users\\galve\\Documents\\SOY HENRY\\MODULO-2\\PF-Mini-Blog\\db\\config.js","statementMap":{"0":{"start":{"line":3,"column":0},"end":{"line":3,"column":16}},"1":{"start":{"line":5,"column":13},"end":{"line":12,"column":2}}},"fnMap":{},"branchMap":{},"s":{"0":2,"1":2},"f":{},"b":{},"meta":{"lastBranch":0,"lastFunction":0,"lastStatement":2,"seen":{"s:3:0:3:16":0,"s:5:13:12:2":1}}}
,"C:\\Users\\galve\\Documents\\SOY HENRY\\MODULO-2\\PF-Mini-Blog\\middleware\\errorHandler.js": {"path":"C:\\Users\\galve\\Documents\\SOY HENRY\\MODULO-2\\PF-Mini-Blog\\middleware\\errorHandler.js","statementMap":{"0":{"start":{"line":3,"column":4},"end":{"line":5,"column":7}},"1":{"start":{"line":4,"column":10},"end":{"line":4,"column":80}},"2":{"start":{"line":7,"column":21},"end":{"line":7,"column":56}},"3":{"start":{"line":8,"column":18},"end":{"line":8,"column":61}},"4":{"start":{"line":10,"column":2},"end":{"line":13,"column":5}}},"fnMap":{"0":{"name":"errorHandler","decl":{"start":{"line":2,"column":16},"end":{"line":2,"column":28}},"loc":{"start":{"line":2,"column":50},"end":{"line":14,"column":null}},"line":2}},"branchMap":{"0":{"loc":{"start":{"line":3,"column":4},"end":{"line":5,"column":7}},"type":"if","locations":[{"start":{"line":3,"column":4},"end":{"line":5,"column":7}},{"start":{},"end":{}}],"line":3},"1":{"loc":{"start":{"line":7,"column":21},"end":{"line":7,"column":56}},"type":"binary-expr","locations":[{"start":{"line":7,"column":21},"end":{"line":7,"column":31}},{"start":{"line":7,"column":35},"end":{"line":7,"column":49}},{"start":{"line":7,"column":53},"end":{"line":7,"column":56}}],"line":7},"2":{"loc":{"start":{"line":8,"column":18},"end":{"line":8,"column":61}},"type":"binary-expr","locations":[{"start":{"line":8,"column":18},"end":{"line":8,"column":29}},{"start":{"line":8,"column":33},"end":{"line":8,"column":61}}],"line":8}},"s":{"0":0,"1":0,"2":0,"3":0,"4":0},"f":{"0":0},"b":{"0":[0,0],"1":[0,0,0],"2":[0,0]},"meta":{"lastBranch":3,"lastFunction":1,"lastStatement":5,"seen":{"f:2:16:2:28":0,"b:3:4:5:7:undefined:undefined:undefined:undefined":0,"s:3:4:5:7":0,"s:4:10:4:80":1,"s:7:21:7:56":2,"b:7:21:7:31:7:35:7:49:7:53:7:56":1,"s:8:18:8:61":3,"b:8:18:8:29:8:33:8:61":2,"s:10:2:13:5":4}}}
,"C:\\Users\\galve\\Documents\\SOY HENRY\\MODULO-2\\PF-Mini-Blog\\routes\\authors-routes.js": {"path":"C:\\Users\\galve\\Documents\\SOY HENRY\\MODULO-2\\PF-Mini-Blog\\routes\\authors-routes.js","statementMap":{"0":{"start":{"line":4,"column":22},"end":{"line":4,"column":38}},"1":{"start":{"line":5,"column":18},"end":{"line":5,"column":72}},"2":{"start":{"line":5,"column":26},"end":{"line":5,"column":72}},"3":{"start":{"line":6,"column":19},"end":{"line":6,"column":47}},"4":{"start":{"line":10,"column":0},"end":{"line":18,"column":3}},"5":{"start":{"line":11,"column":4},"end":{"line":17,"column":5}},"6":{"start":{"line":12,"column":23},"end":{"line":12,"column":78}},"7":{"start":{"line":13,"column":8},"end":{"line":13,"column":42}},"8":{"start":{"line":15,"column":8},"end":{"line":15,"column":63}},"9":{"start":{"line":16,"column":8},"end":{"line":16,"column":20}},"10":{"start":{"line":22,"column":0},"end":{"line":37,"column":3}},"11":{"start":{"line":23,"column":4},"end":{"line":25,"column":5}},"12":{"start":{"line":24,"column":8},"end":{"line":24,"column":62}},"13":{"start":{"line":27,"column":4},"end":{"line":36,"column":5}},"14":{"start":{"line":28,"column":23},"end":{"line":28,"column":95}},"15":{"start":{"line":29,"column":8},"end":{"line":31,"column":9}},"16":{"start":{"line":30,"column":12},"end":{"line":30,"column":74}},"17":{"start":{"line":32,"column":8},"end":{"line":32,"column":45}},"18":{"start":{"line":34,"column":8},"end":{"line":34,"column":70}},"19":{"start":{"line":35,"column":8},"end":{"line":35,"column":20}},"20":{"start":{"line":41,"column":0},"end":{"line":60,"column":3}},"21":{"start":{"line":42,"column":33},"end":{"line":42,"column":41}},"22":{"start":{"line":44,"column":4},"end":{"line":46,"column":5}},"23":{"start":{"line":45,"column":8},"end":{"line":45,"column":80}},"24":{"start":{"line":48,"column":4},"end":{"line":50,"column":5}},"25":{"start":{"line":49,"column":8},"end":{"line":49,"column":76}},"26":{"start":{"line":52,"column":4},"end":{"line":59,"column":5}},"27":{"start":{"line":53,"column":23},"end":{"line":53,"column":141}},"28":{"start":{"line":55,"column":8},"end":{"line":55,"column":45}},"29":{"start":{"line":57,"column":8},"end":{"line":57,"column":61}},"30":{"start":{"line":58,"column":8},"end":{"line":58,"column":20}},"31":{"start":{"line":64,"column":0},"end":{"line":90,"column":3}},"32":{"start":{"line":65,"column":33},"end":{"line":65,"column":41}},"33":{"start":{"line":66,"column":20},"end":{"line":66,"column":44}},"34":{"start":{"line":68,"column":4},"end":{"line":70,"column":5}},"35":{"start":{"line":69,"column":8},"end":{"line":69,"column":62}},"36":{"start":{"line":72,"column":4},"end":{"line":89,"column":5}},"37":{"start":{"line":73,"column":23},"end":{"line":81,"column":13}},"38":{"start":{"line":82,"column":8},"end":{"line":84,"column":9}},"39":{"start":{"line":83,"column":12},"end":{"line":83,"column":74}},"40":{"start":{"line":85,"column":8},"end":{"line":85,"column":45}},"41":{"start":{"line":87,"column":8},"end":{"line":87,"column":64}},"42":{"start":{"line":88,"column":8},"end":{"line":88,"column":20}},"43":{"start":{"line":94,"column":0},"end":{"line":109,"column":3}},"44":{"start":{"line":95,"column":4},"end":{"line":97,"column":5}},"45":{"start":{"line":96,"column":8},"end":{"line":96,"column":62}},"46":{"start":{"line":99,"column":4},"end":{"line":108,"column":5}},"47":{"start":{"line":100,"column":23},"end":{"line":100,"column":93}},"48":{"start":{"line":101,"column":8},"end":{"line":103,"column":9}},"49":{"start":{"line":102,"column":12},"end":{"line":102,"column":74}},"50":{"start":{"line":104,"column":8},"end":{"line":104,"column":74}},"51":{"start":{"line":106,"column":8},"end":{"line":106,"column":63}},"52":{"start":{"line":107,"column":8},"end":{"line":107,"column":20}}},"fnMap":{"0":{"name":"(anonymous_0)","decl":{"start":{"line":5,"column":18},"end":{"line":5,"column":19}},"loc":{"start":{"line":5,"column":26},"end":{"line":5,"column":72}},"line":5},"1":{"name":"(anonymous_1)","decl":{"start":{"line":10,"column":23},"end":{"line":10,"column":28}},"loc":{"start":{"line":10,"column":49},"end":{"line":18,"column":1}},"line":10},"2":{"name":"(anonymous_2)","decl":{"start":{"line":22,"column":26},"end":{"line":22,"column":31}},"loc":{"start":{"line":22,"column":52},"end":{"line":37,"column":1}},"line":22},"3":{"name":"(anonymous_3)","decl":{"start":{"line":41,"column":24},"end":{"line":41,"column":29}},"loc":{"start":{"line":41,"column":50},"end":{"line":60,"column":1}},"line":41},"4":{"name":"(anonymous_4)","decl":{"start":{"line":64,"column":26},"end":{"line":64,"column":31}},"loc":{"start":{"line":64,"column":52},"end":{"line":90,"column":1}},"line":64},"5":{"name":"(anonymous_5)","decl":{"start":{"line":94,"column":29},"end":{"line":94,"column":34}},"loc":{"start":{"line":94,"column":55},"end":{"line":109,"column":1}},"line":94}},"branchMap":{"0":{"loc":{"start":{"line":5,"column":26},"end":{"line":5,"column":72}},"type":"binary-expr","locations":[{"start":{"line":5,"column":26},"end":{"line":5,"column":54}},{"start":{"line":5,"column":58},"end":{"line":5,"column":72}}],"line":5},"1":{"loc":{"start":{"line":23,"column":4},"end":{"line":25,"column":5}},"type":"if","locations":[{"start":{"line":23,"column":4},"end":{"line":25,"column":5}},{"start":{},"end":{}}],"line":23},"2":{"loc":{"start":{"line":29,"column":8},"end":{"line":31,"column":9}},"type":"if","locations":[{"start":{"line":29,"column":8},"end":{"line":31,"column":9}},{"start":{},"end":{}}],"line":29},"3":{"loc":{"start":{"line":44,"column":4},"end":{"line":46,"column":5}},"type":"if","locations":[{"start":{"line":44,"column":4},"end":{"line":46,"column":5}},{"start":{},"end":{}}],"line":44},"4":{"loc":{"start":{"line":44,"column":8},"end":{"line":44,"column":23}},"type":"binary-expr","locations":[{"start":{"line":44,"column":8},"end":{"line":44,"column":13}},{"start":{"line":44,"column":17},"end":{"line":44,"column":23}}],"line":44},"5":{"loc":{"start":{"line":48,"column":4},"end":{"line":50,"column":5}},"type":"if","locations":[{"start":{"line":48,"column":4},"end":{"line":50,"column":5}},{"start":{},"end":{}}],"line":48},"6":{"loc":{"start":{"line":53,"column":128},"end":{"line":53,"column":139}},"type":"binary-expr","locations":[{"start":{"line":53,"column":128},"end":{"line":53,"column":131}},{"start":{"line":53,"column":135},"end":{"line":53,"column":139}}],"line":53},"7":{"loc":{"start":{"line":66,"column":20},"end":{"line":66,"column":44}},"type":"binary-expr","locations":[{"start":{"line":66,"column":20},"end":{"line":66,"column":31}},{"start":{"line":66,"column":35},"end":{"line":66,"column":44}}],"line":66},"8":{"loc":{"start":{"line":68,"column":4},"end":{"line":70,"column":5}},"type":"if","locations":[{"start":{"line":68,"column":4},"end":{"line":70,"column":5}},{"start":{},"end":{}}],"line":68},"9":{"loc":{"start":{"line":82,"column":8},"end":{"line":84,"column":9}},"type":"if","locations":[{"start":{"line":82,"column":8},"end":{"line":84,"column":9}},{"start":{},"end":{}}],"line":82},"10":{"loc":{"start":{"line":95,"column":4},"end":{"line":97,"column":5}},"type":"if","locations":[{"start":{"line":95,"column":4},"end":{"line":97,"column":5}},{"start":{},"end":{}}],"line":95},"11":{"loc":{"start":{"line":101,"column":8},"end":{"line":103,"column":9}},"type":"if","locations":[{"start":{"line":101,"column":8},"end":{"line":103,"column":9}},{"start":{},"end":{}}],"line":101}},"s":{"0":2,"1":2,"2":10,"3":2,"4":2,"5":2,"6":2,"7":2,"8":0,"9":0,"10":2,"11":3,"12":1,"13":2,"14":2,"15":2,"16":1,"17":1,"18":0,"19":0,"20":2,"21":4,"22":4,"23":1,"24":3,"25":1,"26":2,"27":2,"28":2,"29":0,"30":0,"31":2,"32":3,"33":3,"34":3,"35":1,"36":2,"37":2,"38":2,"39":1,"40":1,"41":0,"42":0,"43":2,"44":4,"45":1,"46":3,"47":3,"48":3,"49":1,"50":2,"51":0,"52":0},"f":{"0":10,"1":2,"2":3,"3":4,"4":3,"5":4},"b":{"0":[10,7],"1":[1,2],"2":[1,1],"3":[1,3],"4":[4,4],"5":[1,2],"6":[2,2],"7":[3,3],"8":[1,2],"9":[1,1],"10":[1,3],"11":[1,2]},"meta":{"lastBranch":12,"lastFunction":6,"lastStatement":53,"seen":{"s:4:22:4:38":0,"s:5:18:5:72":1,"f:5:18:5:19":0,"s:5:26:5:72":2,"b:5:26:5:54:5:58:5:72":0,"s:6:19:6:47":3,"s:10:0:18:3":4,"f:10:23:10:28":1,"s:11:4:17:5":5,"s:12:23:12:78":6,"s:13:8:13:42":7,"s:15:8:15:63":8,"s:16:8:16:20":9,"s:22:0:37:3":10,"f:22:26:22:31":2,"b:23:4:25:5:undefined:undefined:undefined:undefined":1,"s:23:4:25:5":11,"s:24:8:24:62":12,"s:27:4:36:5":13,"s:28:23:28:95":14,"b:29:8:31:9:undefined:undefined:undefined:undefined":2,"s:29:8:31:9":15,"s:30:12:30:74":16,"s:32:8:32:45":17,"s:34:8:34:70":18,"s:35:8:35:20":19,"s:41:0:60:3":20,"f:41:24:41:29":3,"s:42:33:42:41":21,"b:44:4:46:5:undefined:undefined:undefined:undefined":3,"s:44:4:46:5":22,"b:44:8:44:13:44:17:44:23":4,"s:45:8:45:80":23,"b:48:4:50:5:undefined:undefined:undefined:undefined":5,"s:48:4:50:5":24,"s:49:8:49:76":25,"s:52:4:59:5":26,"s:53:23:53:141":27,"b:53:128:53:131:53:135:53:139":6,"s:55:8:55:45":28,"s:57:8:57:61":29,"s:58:8:58:20":30,"s:64:0:90:3":31,"f:64:26:64:31":4,"s:65:33:65:41":32,"s:66:20:66:44":33,"b:66:20:66:31:66:35:66:44":7,"b:68:4:70:5:undefined:undefined:undefined:undefined":8,"s:68:4:70:5":34,"s:69:8:69:62":35,"s:72:4:89:5":36,"s:73:23:81:13":37,"b:82:8:84:9:undefined:undefined:undefined:undefined":9,"s:82:8:84:9":38,"s:83:12:83:74":39,"s:85:8:85:45":40,"s:87:8:87:64":41,"s:88:8:88:20":42,"s:94:0:109:3":43,"f:94:29:94:34":5,"b:95:4:97:5:undefined:undefined:undefined:undefined":10,"s:95:4:97:5":44,"s:96:8:96:62":45,"s:99:4:108:5":46,"s:100:23:100:93":47,"b:101:8:103:9:undefined:undefined:undefined:undefined":11,"s:101:8:103:9":48,"s:102:12:102:74":49,"s:104:8:104:74":50,"s:106:8:106:63":51,"s:107:8:107:20":52}}}
,"C:\\Users\\galve\\Documents\\SOY HENRY\\MODULO-2\\PF-Mini-Blog\\routes\\posts-routes.js": {"path":"C:\\Users\\galve\\Documents\\SOY HENRY\\MODULO-2\\PF-Mini-Blog\\routes\\posts-routes.js","statementMap":{"0":{"start":{"line":4,"column":20},"end":{"line":4,"column":36}},"1":{"start":{"line":5,"column":18},"end":{"line":5,"column":72}},"2":{"start":{"line":5,"column":26},"end":{"line":5,"column":72}},"3":{"start":{"line":9,"column":0},"end":{"line":25,"column":3}},"4":{"start":{"line":10,"column":26},"end":{"line":10,"column":35}},"5":{"start":{"line":12,"column":4},"end":{"line":24,"column":5}},"6":{"start":{"line":14,"column":8},"end":{"line":19,"column":9}},"7":{"start":{"line":15,"column":32},"end":{"line":15,"column":52}},"8":{"start":{"line":16,"column":12},"end":{"line":16,"column":122}},"9":{"start":{"line":18,"column":12},"end":{"line":18,"column":86}},"10":{"start":{"line":20,"column":8},"end":{"line":20,"column":42}},"11":{"start":{"line":22,"column":8},"end":{"line":22,"column":61}},"12":{"start":{"line":23,"column":8},"end":{"line":23,"column":20}},"13":{"start":{"line":29,"column":0},"end":{"line":48,"column":3}},"14":{"start":{"line":30,"column":4},"end":{"line":32,"column":5}},"15":{"start":{"line":31,"column":8},"end":{"line":31,"column":62}},"16":{"start":{"line":34,"column":4},"end":{"line":47,"column":5}},"17":{"start":{"line":35,"column":23},"end":{"line":38,"column":9}},"18":{"start":{"line":39,"column":8},"end":{"line":41,"column":9}},"19":{"start":{"line":40,"column":12},"end":{"line":40,"column":74}},"20":{"start":{"line":43,"column":8},"end":{"line":43,"column":42}},"21":{"start":{"line":45,"column":8},"end":{"line":45,"column":77}},"22":{"start":{"line":46,"column":8},"end":{"line":46,"column":20}},"23":{"start":{"line":52,"column":0},"end":{"line":70,"column":3}},"24":{"start":{"line":53,"column":4},"end":{"line":55,"column":5}},"25":{"start":{"line":54,"column":8},"end":{"line":54,"column":62}},"26":{"start":{"line":57,"column":4},"end":{"line":68,"column":5}},"27":{"start":{"line":58,"column":23},"end":{"line":58,"column":93}},"28":{"start":{"line":60,"column":8},"end":{"line":62,"column":9}},"29":{"start":{"line":61,"column":12},"end":{"line":61,"column":73}},"30":{"start":{"line":64,"column":8},"end":{"line":64,"column":45}},"31":{"start":{"line":66,"column":8},"end":{"line":66,"column":68}},"32":{"start":{"line":67,"column":8},"end":{"line":67,"column":20}},"33":{"start":{"line":74,"column":0},"end":{"line":103,"column":3}},"34":{"start":{"line":75,"column":53},"end":{"line":75,"column":61}},"35":{"start":{"line":77,"column":4},"end":{"line":81,"column":5}},"36":{"start":{"line":78,"column":8},"end":{"line":80,"column":11}},"37":{"start":{"line":83,"column":4},"end":{"line":85,"column":5}},"38":{"start":{"line":84,"column":8},"end":{"line":84,"column":72}},"39":{"start":{"line":87,"column":4},"end":{"line":102,"column":5}},"40":{"start":{"line":88,"column":23},"end":{"line":88,"column":92}},"41":{"start":{"line":89,"column":8},"end":{"line":91,"column":9}},"42":{"start":{"line":90,"column":12},"end":{"line":90,"column":74}},"43":{"start":{"line":92,"column":23},"end":{"line":95,"column":9}},"44":{"start":{"line":97,"column":8},"end":{"line":97,"column":45}},"45":{"start":{"line":99,"column":8},"end":{"line":99,"column":27}},"46":{"start":{"line":100,"column":8},"end":{"line":100,"column":59}},"47":{"start":{"line":101,"column":8},"end":{"line":101,"column":20}},"48":{"start":{"line":107,"column":0},"end":{"line":134,"column":3}},"49":{"start":{"line":108,"column":4},"end":{"line":110,"column":5}},"50":{"start":{"line":109,"column":8},"end":{"line":109,"column":62}},"51":{"start":{"line":112,"column":42},"end":{"line":112,"column":50}},"52":{"start":{"line":114,"column":4},"end":{"line":131,"column":5}},"53":{"start":{"line":115,"column":23},"end":{"line":123,"column":9}},"54":{"start":{"line":124,"column":8},"end":{"line":126,"column":9}},"55":{"start":{"line":125,"column":12},"end":{"line":125,"column":73}},"56":{"start":{"line":127,"column":8},"end":{"line":127,"column":45}},"57":{"start":{"line":129,"column":8},"end":{"line":129,"column":62}},"58":{"start":{"line":130,"column":8},"end":{"line":130,"column":20}},"59":{"start":{"line":138,"column":0},"end":{"line":159,"column":3}},"60":{"start":{"line":139,"column":4},"end":{"line":141,"column":5}},"61":{"start":{"line":140,"column":8},"end":{"line":140,"column":62}},"62":{"start":{"line":143,"column":4},"end":{"line":157,"column":5}},"63":{"start":{"line":144,"column":23},"end":{"line":147,"column":9}},"64":{"start":{"line":149,"column":8},"end":{"line":151,"column":9}},"65":{"start":{"line":150,"column":12},"end":{"line":150,"column":73}},"66":{"start":{"line":153,"column":8},"end":{"line":153,"column":31}},"67":{"start":{"line":155,"column":8},"end":{"line":155,"column":59}},"68":{"start":{"line":156,"column":8},"end":{"line":156,"column":20}}},"fnMap":{"0":{"name":"(anonymous_0)","decl":{"start":{"line":5,"column":18},"end":{"line":5,"column":19}},"loc":{"start":{"line":5,"column":26},"end":{"line":5,"column":72}},"line":5},"1":{"name":"(anonymous_1)","decl":{"start":{"line":9,"column":21},"end":{"line":9,"column":26}},"loc":{"start":{"line":9,"column":47},"end":{"line":25,"column":1}},"line":9},"2":{"name":"(anonymous_2)","decl":{"start":{"line":29,"column":37},"end":{"line":29,"column":42}},"loc":{"start":{"line":29,"column":63},"end":{"line":48,"column":1}},"line":29},"3":{"name":"(anonymous_3)","decl":{"start":{"line":52,"column":24},"end":{"line":52,"column":29}},"loc":{"start":{"line":52,"column":50},"end":{"line":70,"column":1}},"line":52},"4":{"name":"(anonymous_4)","decl":{"start":{"line":74,"column":22},"end":{"line":74,"column":27}},"loc":{"start":{"line":74,"column":48},"end":{"line":103,"column":1}},"line":74},"5":{"name":"(anonymous_5)","decl":{"start":{"line":107,"column":24},"end":{"line":107,"column":29}},"loc":{"start":{"line":107,"column":50},"end":{"line":134,"column":1}},"line":107},"6":{"name":"(anonymous_6)","decl":{"start":{"line":138,"column":27},"end":{"line":138,"column":32}},"loc":{"start":{"line":138,"column":53},"end":{"line":159,"column":1}},"line":138}},"branchMap":{"0":{"loc":{"start":{"line":5,"column":26},"end":{"line":5,"column":72}},"type":"binary-expr","locations":[{"start":{"line":5,"column":26},"end":{"line":5,"column":54}},{"start":{"line":5,"column":58},"end":{"line":5,"column":72}}],"line":5},"1":{"loc":{"start":{"line":14,"column":8},"end":{"line":19,"column":9}},"type":"if","locations":[{"start":{"line":14,"column":8},"end":{"line":19,"column":9}},{"start":{"line":17,"column":15},"end":{"line":19,"column":9}}],"line":14},"2":{"loc":{"start":{"line":30,"column":4},"end":{"line":32,"column":5}},"type":"if","locations":[{"start":{"line":30,"column":4},"end":{"line":32,"column":5}},{"start":{},"end":{}}],"line":30},"3":{"loc":{"start":{"line":39,"column":8},"end":{"line":41,"column":9}},"type":"if","locations":[{"start":{"line":39,"column":8},"end":{"line":41,"column":9}},{"start":{},"end":{}}],"line":39},"4":{"loc":{"start":{"line":53,"column":4},"end":{"line":55,"column":5}},"type":"if","locations":[{"start":{"line":53,"column":4},"end":{"line":55,"column":5}},{"start":{},"end":{}}],"line":53},"5":{"loc":{"start":{"line":60,"column":8},"end":{"line":62,"column":9}},"type":"if","locations":[{"start":{"line":60,"column":8},"end":{"line":62,"column":9}},{"start":{},"end":{}}],"line":60},"6":{"loc":{"start":{"line":77,"column":4},"end":{"line":81,"column":5}},"type":"if","locations":[{"start":{"line":77,"column":4},"end":{"line":81,"column":5}},{"start":{},"end":{}}],"line":77},"7":{"loc":{"start":{"line":77,"column":8},"end":{"line":77,"column":40}},"type":"binary-expr","locations":[{"start":{"line":77,"column":8},"end":{"line":77,"column":14}},{"start":{"line":77,"column":18},"end":{"line":77,"column":26}},{"start":{"line":77,"column":30},"end":{"line":77,"column":40}}],"line":77},"8":{"loc":{"start":{"line":83,"column":4},"end":{"line":85,"column":5}},"type":"if","locations":[{"start":{"line":83,"column":4},"end":{"line":85,"column":5}},{"start":{},"end":{}}],"line":83},"9":{"loc":{"start":{"line":89,"column":8},"end":{"line":91,"column":9}},"type":"if","locations":[{"start":{"line":89,"column":8},"end":{"line":91,"column":9}},{"start":{},"end":{}}],"line":89},"10":{"loc":{"start":{"line":94,"column":40},"end":{"line":94,"column":58}},"type":"binary-expr","locations":[{"start":{"line":94,"column":40},"end":{"line":94,"column":49}},{"start":{"line":94,"column":53},"end":{"line":94,"column":58}}],"line":94},"11":{"loc":{"start":{"line":108,"column":4},"end":{"line":110,"column":5}},"type":"if","locations":[{"start":{"line":108,"column":4},"end":{"line":110,"column":5}},{"start":{},"end":{}}],"line":108},"12":{"loc":{"start":{"line":122,"column":29},"end":{"line":122,"column":46}},"type":"binary-expr","locations":[{"start":{"line":122,"column":29},"end":{"line":122,"column":38}},{"start":{"line":122,"column":42},"end":{"line":122,"column":46}}],"line":122},"13":{"loc":{"start":{"line":124,"column":8},"end":{"line":126,"column":9}},"type":"if","locations":[{"start":{"line":124,"column":8},"end":{"line":126,"column":9}},{"start":{},"end":{}}],"line":124},"14":{"loc":{"start":{"line":139,"column":4},"end":{"line":141,"column":5}},"type":"if","locations":[{"start":{"line":139,"column":4},"end":{"line":141,"column":5}},{"start":{},"end":{}}],"line":139},"15":{"loc":{"start":{"line":149,"column":8},"end":{"line":151,"column":9}},"type":"if","locations":[{"start":{"line":149,"column":8},"end":{"line":151,"column":9}},{"start":{},"end":{}}],"line":149}},"s":{"0":2,"1":2,"2":14,"3":2,"4":1,"5":1,"6":1,"7":0,"8":0,"9":1,"10":1,"11":0,"12":0,"13":2,"14":2,"15":1,"16":1,"17":1,"18":1,"19":1,"20":0,"21":0,"22":0,"23":2,"24":4,"25":1,"26":3,"27":3,"28":3,"29":1,"30":2,"31":0,"32":0,"33":2,"34":3,"35":3,"36":1,"37":2,"38":1,"39":1,"40":1,"41":1,"42":0,"43":1,"44":1,"45":0,"46":0,"47":0,"48":2,"49":3,"50":1,"51":2,"52":2,"53":2,"54":2,"55":1,"56":1,"57":0,"58":0,"59":2,"60":3,"61":1,"62":2,"63":2,"64":2,"65":1,"66":1,"67":0,"68":0},"f":{"0":14,"1":1,"2":2,"3":4,"4":3,"5":3,"6":3},"b":{"0":[14,9],"1":[0,1],"2":[1,1],"3":[1,0],"4":[1,3],"5":[1,2],"6":[1,2],"7":[3,3,2],"8":[1,1],"9":[0,1],"10":[1,0],"11":[1,2],"12":[2,2],"13":[1,1],"14":[1,2],"15":[1,1]},"meta":{"lastBranch":16,"lastFunction":7,"lastStatement":69,"seen":{"s:4:20:4:36":0,"s:5:18:5:72":1,"f:5:18:5:19":0,"s:5:26:5:72":2,"b:5:26:5:54:5:58:5:72":0,"s:9:0:25:3":3,"f:9:21:9:26":1,"s:10:26:10:35":4,"s:12:4:24:5":5,"b:14:8:19:9:17:15:19:9":1,"s:14:8:19:9":6,"s:15:32:15:52":7,"s:16:12:16:122":8,"s:18:12:18:86":9,"s:20:8:20:42":10,"s:22:8:22:61":11,"s:23:8:23:20":12,"s:29:0:48:3":13,"f:29:37:29:42":2,"b:30:4:32:5:undefined:undefined:undefined:undefined":2,"s:30:4:32:5":14,"s:31:8:31:62":15,"s:34:4:47:5":16,"s:35:23:38:9":17,"b:39:8:41:9:undefined:undefined:undefined:undefined":3,"s:39:8:41:9":18,"s:40:12:40:74":19,"s:43:8:43:42":20,"s:45:8:45:77":21,"s:46:8:46:20":22,"s:52:0:70:3":23,"f:52:24:52:29":3,"b:53:4:55:5:undefined:undefined:undefined:undefined":4,"s:53:4:55:5":24,"s:54:8:54:62":25,"s:57:4:68:5":26,"s:58:23:58:93":27,"b:60:8:62:9:undefined:undefined:undefined:undefined":5,"s:60:8:62:9":28,"s:61:12:61:73":29,"s:64:8:64:45":30,"s:66:8:66:68":31,"s:67:8:67:20":32,"s:74:0:103:3":33,"f:74:22:74:27":4,"s:75:53:75:61":34,"b:77:4:81:5:undefined:undefined:undefined:undefined":6,"s:77:4:81:5":35,"b:77:8:77:14:77:18:77:26:77:30:77:40":7,"s:78:8:80:11":36,"b:83:4:85:5:undefined:undefined:undefined:undefined":8,"s:83:4:85:5":37,"s:84:8:84:72":38,"s:87:4:102:5":39,"s:88:23:88:92":40,"b:89:8:91:9:undefined:undefined:undefined:undefined":9,"s:89:8:91:9":41,"s:90:12:90:74":42,"s:92:23:95:9":43,"b:94:40:94:49:94:53:94:58":10,"s:97:8:97:45":44,"s:99:8:99:27":45,"s:100:8:100:59":46,"s:101:8:101:20":47,"s:107:0:134:3":48,"f:107:24:107:29":5,"b:108:4:110:5:undefined:undefined:undefined:undefined":11,"s:108:4:110:5":49,"s:109:8:109:62":50,"s:112:42:112:50":51,"s:114:4:131:5":52,"s:115:23:123:9":53,"b:122:29:122:38:122:42:122:46":12,"b:124:8:126:9:undefined:undefined:undefined:undefined":13,"s:124:8:126:9":54,"s:125:12:125:73":55,"s:127:8:127:45":56,"s:129:8:129:62":57,"s:130:8:130:20":58,"s:138:0:159:3":59,"f:138:27:138:32":6,"b:139:4:141:5:undefined:undefined:undefined:undefined":14,"s:139:4:141:5":60,"s:140:8:140:62":61,"s:143:4:157:5":62,"s:144:23:147:9":63,"b:149:8:151:9:undefined:undefined:undefined:undefined":15,"s:149:8:151:9":64,"s:150:12:150:73":65,"s:153:8:153:31":66,"s:155:8:155:59":67,"s:156:8:156:20":68}}}
}
